<?xml version="1.0" encoding="UTF-8"?>
<!-- Generated by org.testng.reporters.JUnitReportReporter -->
<testsuite hostname="Yashu.local" name="main.java.compiler.test.CompilerTest" tests="21" failures="0" timestamp="5 Apr 2016 11:03:50 GMT" time="3.167" errors="0">
  <testcase name="compilingCode_throwsUndeclaredVariableException_ifReadingUndefinedVariable" time="0.171" classname="main.java.compiler.test.CompilerTest"/>
  <testcase name="runningCode_outputsExpectedText" time="0.168" classname="main.java.compiler.test.CompilerTest"/>
  <testcase name="runningCode_outputsExpectedText" time="0.174" classname="main.java.compiler.test.CompilerTest"/>
  <testcase name="compilingCode_throwsVariableAlreadyDefinedException_whenDefiningAlreadyDefinedVariable" time="0.010" classname="main.java.compiler.test.CompilerTest"/>
  <testcase name="runningCode_outputsExpectedText" time="0.161" classname="main.java.compiler.test.CompilerTest"/>
  <testcase name="runningCode_outputsExpectedText" time="0.160" classname="main.java.compiler.test.CompilerTest"/>
  <testcase name="runningCode_outputsExpectedText" time="0.171" classname="main.java.compiler.test.CompilerTest"/>
  <testcase name="runningCode_outputsExpectedText" time="0.158" classname="main.java.compiler.test.CompilerTest"/>
  <testcase name="runningCode_outputsExpectedText" time="0.174" classname="main.java.compiler.test.CompilerTest"/>
  <testcase name="runningCode_outputsExpectedText" time="0.149" classname="main.java.compiler.test.CompilerTest"/>
  <testcase name="runningCode_outputsExpectedText" time="0.150" classname="main.java.compiler.test.CompilerTest"/>
  <testcase name="runningCode_outputsExpectedText" time="0.153" classname="main.java.compiler.test.CompilerTest"/>
  <testcase name="compilingCode_throwsUndeclaredVariableException_ifWritingUndefinedVariable" time="0.012" classname="main.java.compiler.test.CompilerTest"/>
  <testcase name="runningCode_outputsExpectedText" time="0.151" classname="main.java.compiler.test.CompilerTest"/>
  <testcase name="runningCode_outputsExpectedText" time="0.153" classname="main.java.compiler.test.CompilerTest"/>
  <testcase name="runningCode_outputsExpectedText" time="0.158" classname="main.java.compiler.test.CompilerTest"/>
  <testcase name="runningCode_outputsExpectedText" time="0.157" classname="main.java.compiler.test.CompilerTest"/>
  <testcase name="runningCode_outputsExpectedText" time="0.159" classname="main.java.compiler.test.CompilerTest"/>
  <testcase name="runningCode_outputsExpectedText" time="0.257" classname="main.java.compiler.test.CompilerTest"/>
  <testcase name="runningCode_outputsExpectedText" time="0.164" classname="main.java.compiler.test.CompilerTest"/>
  <testcase name="runningCode_outputsExpectedText" time="0.157" classname="main.java.compiler.test.CompilerTest"/>
</testsuite> <!-- main.java.compiler.test.CompilerTest -->
