<?xml version="1.0" encoding="UTF-8"?>
<!-- Generated by org.testng.reporters.JUnitReportReporter -->
<testsuite hostname="Yashu.local" name="main.java.compiler.test.CompilerTest" tests="21" failures="0" timestamp="5 Apr 2016 17:18:34 GMT" time="3.338" errors="0">
  <testcase name="runningCode_outputsExpectedText" time="0.161" classname="main.java.compiler.test.CompilerTest"/>
  <testcase name="runningCode_outputsExpectedText" time="0.155" classname="main.java.compiler.test.CompilerTest"/>
  <testcase name="compilingCode_throwsVariableAlreadyDefinedException_whenDefiningAlreadyDefinedVariable" time="0.008" classname="main.java.compiler.test.CompilerTest"/>
  <testcase name="runningCode_outputsExpectedText" time="0.190" classname="main.java.compiler.test.CompilerTest"/>
  <testcase name="runningCode_outputsExpectedText" time="0.198" classname="main.java.compiler.test.CompilerTest"/>
  <testcase name="runningCode_outputsExpectedText" time="0.184" classname="main.java.compiler.test.CompilerTest"/>
  <testcase name="runningCode_outputsExpectedText" time="0.209" classname="main.java.compiler.test.CompilerTest"/>
  <testcase name="runningCode_outputsExpectedText" time="0.149" classname="main.java.compiler.test.CompilerTest"/>
  <testcase name="runningCode_outputsExpectedText" time="0.194" classname="main.java.compiler.test.CompilerTest"/>
  <testcase name="runningCode_outputsExpectedText" time="0.161" classname="main.java.compiler.test.CompilerTest"/>
  <testcase name="compilingCode_throwsUndeclaredVariableException_ifWritingUndefinedVariable" time="0.010" classname="main.java.compiler.test.CompilerTest"/>
  <testcase name="runningCode_outputsExpectedText" time="0.159" classname="main.java.compiler.test.CompilerTest"/>
  <testcase name="runningCode_outputsExpectedText" time="0.277" classname="main.java.compiler.test.CompilerTest"/>
  <testcase name="runningCode_outputsExpectedText" time="0.161" classname="main.java.compiler.test.CompilerTest"/>
  <testcase name="runningCode_outputsExpectedText" time="0.166" classname="main.java.compiler.test.CompilerTest"/>
  <testcase name="runningCode_outputsExpectedText" time="0.156" classname="main.java.compiler.test.CompilerTest"/>
  <testcase name="runningCode_outputsExpectedText" time="0.165" classname="main.java.compiler.test.CompilerTest"/>
  <testcase name="runningCode_outputsExpectedText" time="0.157" classname="main.java.compiler.test.CompilerTest"/>
  <testcase name="compilingCode_throwsUndeclaredVariableException_ifReadingUndefinedVariable" time="0.121" classname="main.java.compiler.test.CompilerTest"/>
  <testcase name="runningCode_outputsExpectedText" time="0.206" classname="main.java.compiler.test.CompilerTest"/>
  <testcase name="runningCode_outputsExpectedText" time="0.151" classname="main.java.compiler.test.CompilerTest"/>
</testsuite> <!-- main.java.compiler.test.CompilerTest -->
